
> alvarezplacas-astro@1.0.0 build
> astro build

[2m08:36:10[22m [34m[@astrojs/node][39m Enabling sessions with filesystem storage
[2m08:36:11[22m [34m[types][39m Generated [2m117ms[22m
[2m08:36:11[22m [34m[build][39m output: [34m"server"[39m
[2m08:36:11[22m [34m[build][39m mode: [34m"server"[39m
[2m08:36:11[22m [34m[build][39m directory: [34mD:\Alvarezplacas_2026\WEB-alvarezplacas_astro\Alvarezplacas\dist\[39m
[2m08:36:11[22m [34m[build][39m adapter: [32m@astrojs/node[39m
[2m08:36:11[22m [34m[build][39m Collecting build info...
[2m08:36:11[22m [34m[build][39m [32m Completed in 400ms.[39m
[2m08:36:11[22m [34m[build][39m Building server entrypoints...
08:36:13 [ERROR] [vite]  Build failed in 1.97s
Unexpected "'undefined'"
  Location:
    D:/Alvarezplacas_2026/WEB-alvarezplacas_astro/Alvarezplacas/src/features/catalog/ui/CatalogGrid.astro:24:8
  Stack trace:
    at failureErrorWithLog (D:\Alvarezplacas_2026\WEB-alvarezplacas_astro\Alvarezplacas\node_modules\esbuild\lib\main.js:1748:15)
    at responseCallbacks.<computed> (D:\Alvarezplacas_2026\WEB-alvarezplacas_astro\Alvarezplacas\node_modules\esbuild\lib\main.js:884:9)
    at Socket.readFromStdout (D:\Alvarezplacas_2026\WEB-alvarezplacas_astro\Alvarezplacas\node_modules\esbuild\lib\main.js:862:7)
    at addChunk (node:internal/streams/readable:561:12)
    at Readable.push (node:internal/streams/readable:392:5)
