
> alvarezplacas-astro@1.0.0 build
> astro build

[2m08:37:29[22m [34m[@astrojs/node][39m Enabling sessions with filesystem storage
[2m08:37:29[22m [34m[types][39m Generated [2m54ms[22m
[2m08:37:29[22m [34m[build][39m output: [34m"server"[39m
[2m08:37:29[22m [34m[build][39m mode: [34m"server"[39m
[2m08:37:29[22m [34m[build][39m directory: [34mD:\Alvarezplacas_2026\WEB-alvarezplacas_astro\Alvarezplacas\dist\[39m
[2m08:37:29[22m [34m[build][39m adapter: [32m@astrojs/node[39m
[2m08:37:29[22m [34m[build][39m Collecting build info...
[2m08:37:29[22m [34m[build][39m [32m Completed in 88ms.[39m
[2m08:37:29[22m [34m[build][39m Building server entrypoints...
08:37:31 [ERROR] [vite]  Build failed in 1.18s
src/features/scoring/index.js (35:6): Expected ',', got 'as'
file: D:/Alvarezplacas_2026/WEB-alvarezplacas_astro/Alvarezplacas/src/features/scoring/index.js:35:6

33:         filter: { id: { _eq: userId } },
34:         fields: ['puntaje']
35:     } as any));
          ^
36: 
37:     const currentPoints = client[0]?.puntaje || 0;

  Location:
    D:/Alvarezplacas_2026/WEB-alvarezplacas_astro/Alvarezplacas/src/features/scoring/index.js:35:6
  Stack trace:
    at getRollupError (file:///D:/Alvarezplacas_2026/WEB-alvarezplacas_astro/Alvarezplacas/node_modules/rollup/dist/es/shared/parseAst.js:402:41)
    at convertNode (file:///D:/Alvarezplacas_2026/WEB-alvarezplacas_astro/Alvarezplacas/node_modules/rollup/dist/es/shared/node-entry.js:16437:10)
    at Module.setSource (file:///D:/Alvarezplacas_2026/WEB-alvarezplacas_astro/Alvarezplacas/node_modules/rollup/dist/es/shared/node-entry.js:17392:24)
  Caused by:
  Expected ',', got 'as'
    at getRollupError (file:///D:/Alvarezplacas_2026/WEB-alvarezplacas_astro/Alvarezplacas/node_modules/rollup/dist/es/shared/parseAst.js:402:41)
    at convertNode (file:///D:/Alvarezplacas_2026/WEB-alvarezplacas_astro/Alvarezplacas/node_modules/rollup/dist/es/shared/node-entry.js:16437:10)
    at Module.setSource (file:///D:/Alvarezplacas_2026/WEB-alvarezplacas_astro/Alvarezplacas/node_modules/rollup/dist/es/shared/node-entry.js:17392:24)
